1619679979840	geckodriver	INFO	Listening on 127.0.0.1:51063
1619679982896	mozrunner::runner	INFO	Running command: "C:\\Program Files\\Mozilla Firefox\\firefox.exe" "--marionette" "-foreground" "-no-remote" "-profile" "C:\\Users\\rishi\\AppData\\Local\\Temp\\rust_mozprofile32Yd29"
1619679983506	addons.webextension.screenshots@mozilla.org	WARN	Loading extension 'screenshots@mozilla.org': Reading manifest: Invalid extension permission: mozillaAddons
1619679983506	addons.webextension.screenshots@mozilla.org	WARN	Loading extension 'screenshots@mozilla.org': Reading manifest: Invalid extension permission: telemetry
1619679983507	addons.webextension.screenshots@mozilla.org	WARN	Loading extension 'screenshots@mozilla.org': Reading manifest: Invalid extension permission: resource://pdf.js/
1619679983507	addons.webextension.screenshots@mozilla.org	WARN	Loading extension 'screenshots@mozilla.org': Reading manifest: Invalid extension permission: about:reader*
JavaScript error: resource://gre/modules/XULStore.jsm, line 66: Error: Can't find profile directory.
1619679985424	Marionette	INFO	Listening on port 51071
1619679985587	Marionette	WARN	TLS certificate errors will be ignored for this session
[Parent 6052, Gecko_IOThread] WARNING: pipe error: 109: file z:/task_1570640083/build/src/ipc/chromium/src/chrome/common/ipc_channel_win.cc, line 341
[Child 2336, Chrome_ChildThread] WARNING: pipe error: 109: file z:/task_1570640083/build/src/ipc/chromium/src/chrome/common/ipc_channel_win.cc, line 341
[Child 15300, Chrome_ChildThread] WARNING: pipe error: 109: file z:/task_1570640083/build/src/ipc/chromium/src/chrome/common/ipc_channel_win.cc, line 341
[Child 15300, Chrome_ChildThread] WARNING: pipe error: 109: file z:/task_1570640083/build/src/ipc/chromium/src/chrome/common/ipc_channel_win.cc, line 341
[Parent 6052, Gecko_IOThread] WARNING: pipe error: 109: file z:/task_1570640083/build/src/ipc/chromium/src/chrome/common/ipc_channel_win.cc, line 341
[Child 1084, Chrome_ChildThread] WARNING: pipe error: 109: file z:/task_1570640083/build/src/ipc/chromium/src/chrome/common/ipc_channel_win.cc, line 341
[Child 1084, Chrome_ChildThread] WARNING: pipe error: 109: file z:/task_1570640083/build/src/ipc/chromium/src/chrome/common/ipc_channel_win.cc, line 341
1619680012472	Marionette	INFO	Stopped listening on port 51071

###!!! [Child][RunMessage] Error: Channel closing: too late to send/recv, messages will be lost

[GPU 12292, Chrome_ChildThread] WARNING: pipe error: 109: file z:/task_1570640083/build/src/ipc/chromium/src/chrome/common/ipc_channel_win.cc, line 341

###!!! [Child][MessageChannel::SendAndWait] Error: Channel error: cannot send/recv

1619680021622	geckodriver	INFO	Listening on 127.0.0.1:51112
1619680024675	mozrunner::runner	INFO	Running command: "C:\\Program Files\\Mozilla Firefox\\firefox.exe" "--marionette" "-foreground" "-no-remote" "-profile" "C:\\Users\\rishi\\AppData\\Local\\Temp\\rust_mozprofiledBR8Qd"
1619680025030	addons.webextension.screenshots@mozilla.org	WARN	Loading extension 'screenshots@mozilla.org': Reading manifest: Invalid extension permission: mozillaAddons
1619680025031	addons.webextension.screenshots@mozilla.org	WARN	Loading extension 'screenshots@mozilla.org': Reading manifest: Invalid extension permission: telemetry
1619680025031	addons.webextension.screenshots@mozilla.org	WARN	Loading extension 'screenshots@mozilla.org': Reading manifest: Invalid extension permission: resource://pdf.js/
1619680025031	addons.webextension.screenshots@mozilla.org	WARN	Loading extension 'screenshots@mozilla.org': Reading manifest: Invalid extension permission: about:reader*
JavaScript error: resource://gre/modules/XULStore.jsm, line 66: Error: Can't find profile directory.
1619680026505	Marionette	INFO	Listening on port 51120
1619680026709	Marionette	WARN	TLS certificate errors will be ignored for this session
[Parent 11772, Gecko_IOThread] WARNING: pipe error: 109: file z:/task_1570640083/build/src/ipc/chromium/src/chrome/common/ipc_channel_win.cc, line 341
[Parent 11772, Gecko_IOThread] WARNING: pipe error: 109: file z:/task_1570640083/build/src/ipc/chromium/src/chrome/common/ipc_channel_win.cc, line 341
[Child 15436, Chrome_ChildThread] WARNING: pipe error: 109: file z:/task_1570640083/build/src/ipc/chromium/src/chrome/common/ipc_channel_win.cc, line 341
[Child 15436, Chrome_ChildThread] WARNING: pipe error: 109: file z:/task_1570640083/build/src/ipc/chromium/src/chrome/common/ipc_channel_win.cc, line 341
[Child 2236, Chrome_ChildThread] WARNING: pipe error: 109: file z:/task_1570640083/build/src/ipc/chromium/src/chrome/common/ipc_channel_win.cc, line 341
[Child 2236, Chrome_ChildThread] WARNING: pipe error: 109: file z:/task_1570640083/build/src/ipc/chromium/src/chrome/common/ipc_channel_win.cc, line 341
[Parent 11772, Gecko_IOThread] WARNING: pipe error: 109: file z:/task_1570640083/build/src/ipc/chromium/src/chrome/common/ipc_channel_win.cc, line 341
[Child 3876, Chrome_ChildThread] WARNING: pipe error: 109: file z:/task_1570640083/build/src/ipc/chromium/src/chrome/common/ipc_channel_win.cc, line 341
[Child 3876, Chrome_ChildThread] WARNING: pipe error: 109: file z:/task_1570640083/build/src/ipc/chromium/src/chrome/common/ipc_channel_win.cc, line 341
1619680047993	Marionette	INFO	Stopped listening on port 51120
[GPU 636, Chrome_ChildThread] WARNING: pipe error: 109: file z:/task_1570640083/build/src/ipc/chromium/src/chrome/common/ipc_channel_win.cc, line 341

###!!! [Child][RunMessage] Error: Channel closing: too late to send/recv, messages will be lost


###!!! [Child][MessageChannel::SendAndWait] Error: Channel error: cannot send/recv

1619680049304	geckodriver	INFO	Listening on 127.0.0.1:51177
1619680052353	mozrunner::runner	INFO	Running command: "C:\\Program Files\\Mozilla Firefox\\firefox.exe" "--marionette" "-foreground" "-no-remote" "-profile" "C:\\Users\\rishi\\AppData\\Local\\Temp\\rust_mozprofilecGyJ5x"
1619680052682	addons.webextension.screenshots@mozilla.org	WARN	Loading extension 'screenshots@mozilla.org': Reading manifest: Invalid extension permission: mozillaAddons
1619680052682	addons.webextension.screenshots@mozilla.org	WARN	Loading extension 'screenshots@mozilla.org': Reading manifest: Invalid extension permission: telemetry
1619680052683	addons.webextension.screenshots@mozilla.org	WARN	Loading extension 'screenshots@mozilla.org': Reading manifest: Invalid extension permission: resource://pdf.js/
1619680052683	addons.webextension.screenshots@mozilla.org	WARN	Loading extension 'screenshots@mozilla.org': Reading manifest: Invalid extension permission: about:reader*
JavaScript error: resource://gre/modules/XULStore.jsm, line 66: Error: Can't find profile directory.
1619680054073	Marionette	INFO	Listening on port 51186
1619680054397	Marionette	WARN	TLS certificate errors will be ignored for this session
[Child 16820, Chrome_ChildThread] WARNING: pipe error: 109: file z:/task_1570640083/build/src/ipc/chromium/src/chrome/common/ipc_channel_win.cc, line 341
[Child 16820, Chrome_ChildThread] WARNING: pipe error: 109: file z:/task_1570640083/build/src/ipc/chromium/src/chrome/common/ipc_channel_win.cc, line 341
[Child 11668, Chrome_ChildThread] WARNING: pipe error: 109: file z:/task_1570640083/build/src/ipc/chromium/src/chrome/common/ipc_channel_win.cc, line 341
[Child 11668, Chrome_ChildThread] WARNING: pipe error: 109: file z:/task_1570640083/build/src/ipc/chromium/src/chrome/common/ipc_channel_win.cc, line 341
[Parent 2256, Gecko_IOThread] WARNING: pipe error: 109: file z:/task_1570640083/build/src/ipc/chromium/src/chrome/common/ipc_channel_win.cc, line 341
[Child 7952, Chrome_ChildThread] WARNING: pipe error: 109: file z:/task_1570640083/build/src/ipc/chromium/src/chrome/common/ipc_channel_win.cc, line 341
[Child 7952, Chrome_ChildThread] WARNING: pipe error: 109: file z:/task_1570640083/build/src/ipc/chromium/src/chrome/common/ipc_channel_win.cc, line 341
1619680092176	Marionette	INFO	Stopped listening on port 51186

###!!! [Child][RunMessage] Error: Channel closing: too late to send/recv, messages will be lost

[GPU 7812, Chrome_ChildThread] WARNING: pipe error: 109: file z:/task_1570640083/build/src/ipc/chromium/src/chrome/common/ipc_channel_win.cc, line 341

###!!! [Child][MessageChannel::SendAndWait] Error: Channel error: cannot send/recv

on/ipc_channel_win.cc, line 341
[Child 14416, Chrome_ChildThread] WARNING: pipe error: 109: file z:/task_1570640083/build/src/ipc/chromium/src/chrome/common/ipc_channel_win.cc, line 341
[Child 14416, Chrome_ChildThread] WARNING: pipe error: 109: file z:/task_1570640083/build/src/ipc/chromium/src/chrome/common/ipc_channel_win.cc, line 341

###!!! [Child][RunMessage] Error: Channel closing: too late to send/recv, messages will be lost


###!!! [Child][RunMessage] Error: Channel closing: too late to send/recv, messages will be lost

[Parent 6884, Gecko_IOThread] WARNING: pipe error: 109: file z:/task_1570640083/build/src/ipc/chromium/src/chrome/common/ipc_channel_win.cc, line 341
[Child 14428, Chrome_ChildThread] WARNING: pipe error: 109: file z:/task_1570640083/build/src/ipc/chromium/src/chrome/common/ipc_channel_win.cc, line 341
1619680088872	Marionette	INFO	Stopped listening on port 51252
[GPU 16788, Chrome_ChildThread] WARNING: pipe error: 109: file z:/task_1570640083/build/src/ipc/chromium/src/chrome/common/ipc_channel_win.cc, line 341

###!!! [Child][RunMessage] Error: Channel closing: too late to send/recv, messages will be lost


###!!! [Child][MessageChannel::SendAndWait] Error: Channel error: cannot send/recv

1619686987426	geckodriver	INFO	Listening on 127.0.0.1:54642
1619686990516	mozrunner::runner	INFO	Running command: "C:\\Program Files\\Mozilla Firefox\\firefox.exe" "--marionette" "-foreground" "-no-remote" "-profile" "C:\\Users\\rishi\\AppData\\Local\\Temp\\rust_mozprofilevZSc7l"
1619686990906	Marionette	INFO	Marionette enabled
console.warn: SearchSettings: "get: No settings file exists, new profile?" (new Error("", "(unknown module)"))
1619686993406	Marionette	INFO	Listening on port 54652
1619686993736	Marionette	WARN	TLS certificate errors will be ignored for this session
1619687000695	Marionette	WARN	TimedPromise timed out after 5000 ms: stacktrace:
TimedPromise/<@chrome://marionette/content/sync.js:237:19
TimedPromise@chrome://marionette/content/sync.js:222:10
GeckoDriver.prototype.minimizeWindow@chrome://marionette/content/driver.js:2500:11
Marionette threw an error: [Exception... "Component not initialized"  nsresult: "0xc1f30001 (NS_ERROR_NOT_INITIALIZED)"  location: "JS frame :: chrome://marionette/content/dom.js :: removeEventListener :: line 98"  data: no]
removeEventListener@chrome://marionette/content/dom.js:98:19
GeckoDriver.prototype.minimizeWindow@chrome://marionette/content/driver.js:2508:14

1619687001002	Marionette	INFO	Stopped listening on port 54652

###!!! [Child][RunMessage] Error: Channel closing: too late to send/recv, messages will be lost

1619687010332	geckodriver	INFO	Listening on 127.0.0.1:54728
1619687013414	mozrunner::runner	INFO	Running command: "C:\\Program Files\\Mozilla Firefox\\firefox.exe" "--marionette" "-foreground" "-no-remote" "-profile" "C:\\Users\\rishi\\AppData\\Local\\Temp\\rust_mozprofileT5QYdf"
1619687133003	geckodriver	INFO	Listening on 127.0.0.1:54771
1619687136061	mozrunner::runner	INFO	Running command: "C:\\Program Files\\Mozilla Firefox\\firefox.exe" "--marionette" "-foreground" "-no-remote" "-profile" "C:\\Users\\rishi\\AppData\\Local\\Temp\\rust_mozprofilevvEb5n"
1619687136442	Marionette	INFO	Marionette enabled
console.warn: SearchSettings: "get: No settings file exists, new profile?" (new Error("", "(unknown module)"))
1619687138764	Marionette	INFO	Listening on port 54779
1619687139264	Marionette	WARN	TLS certificate errors will be ignored for this session
1619687146301	Marionette	WARN	TimedPromise timed out after 5000 ms: stacktrace:
TimedPromise/<@chrome://marionette/content/sync.js:237:19
TimedPromise@chrome://marionette/content/sync.js:222:10
GeckoDriver.prototype.minimizeWindow@chrome://marionette/content/driver.js:2500:11
1619687195433	Marionette	INFO	Stopped listening on port 54779

###!!! [Child][RunMessage] Error: Channel closing: too late to send/recv, messages will be lost

1619687206284	geckodriver	INFO	Listening on 127.0.0.1:54851
1619687209351	mozrunner::runner	INFO	Running command: "C:\\Program Files\\Mozilla Firefox\\firefox.exe" "--marionette" "-foreground" "-no-remote" "-profile" "C:\\Users\\rishi\\AppData\\Local\\Temp\\rust_mozprofilejafB1M"
1619687209815	Marionette	INFO	Marionette enabled
console.warn: SearchSettings: "get: No settings file exists, new profile?" (new Error("", "(unknown module)"))
1619687212084	Marionette	INFO	Listening on port 54859
1619687212528	Marionette	WARN	TLS certificate errors will be ignored for this session
1619687219333	Marionette	WARN	TimedPromise timed out after 5000 ms: stacktrace:
TimedPromise/<@chrome://marionette/content/sync.js:237:19
TimedPromise@chrome://marionette/content/sync.js:222:10
GeckoDriver.prototype.minimizeWindow@chrome://marionette/content/driver.js:2500:11
1619687257423	Marionette	INFO	Stopped listening on port 54859

###!!! [Child][RunMessage] Error: Channel closing: too late to send/recv, messages will be lost

1619687258329	geckodriver	INFO	Listening on 127.0.0.1:54932
1619687261396	mozrunner::runner	INFO	Running command: "C:\\Program Files\\Mozilla Firefox\\firefox.exe" "--marionette" "-foreground" "-no-remote" "-profile" "C:\\Users\\rishi\\AppData\\Local\\Temp\\rust_mozprofile3sbqLz"
1619687261802	Marionette	INFO	Marionette enabled
console.warn: SearchSettings: "get: No settings file exists, new profile?" (new Error("", "(unknown module)"))
1619687264671	Marionette	INFO	Listening on port 54940
1619687265100	Marionette	WARN	TLS certificate errors will be ignored for this session
1619687272043	Marionette	WARN	TimedPromise timed out after 5000 ms: stacktrace:
TimedPromise/<@chrome://marionette/content/sync.js:237:19
TimedPromise@chrome://marionette/content/sync.js:222:10
GeckoDriver.prototype.minimizeWindow@chrome://marionette/content/driver.js:2500:11
1619687308030	Marionette	INFO	Stopped listening on port 54940

###!!! [Child][RunMessage] Error: Channel closing: too late to send/recv, messages will be lost

1619687359928	geckodriver	INFO	Listening on 127.0.0.1:55023
1619687363016	mozrunner::runner	INFO	Running command: "C:\\Program Files\\Mozilla Firefox\\firefox.exe" "--marionette" "-foreground" "-no-remote" "-profile" "C:\\Users\\rishi\\AppData\\Local\\Temp\\rust_mozprofile8Enqaw"
1619687363438	Marionette	INFO	Marionette enabled
console.warn: SearchSettings: "get: No settings file exists, new profile?" (new Error("", "(unknown module)"))
1619687366003	Marionette	INFO	Listening on port 55031
1619687366221	Marionette	WARN	TLS certificate errors will be ignored for this session
JavaScript error: https://www.youtube.com/s/player/cb5bd7e6/player_ias.vflset/en_US/base.js, line 793: uncaught exception: [object Object]
1619687373146	Marionette	WARN	TimedPromise timed out after 5000 ms: stacktrace:
TimedPromise/<@chrome://marionette/content/sync.js:237:19
TimedPromise@chrome://marionette/content/sync.js:222:10
GeckoDriver.prototype.minimizeWindow@chrome://marionette/content/driver.js:2500:11
1619687393172	Marionette	INFO	Stopped listening on port 55031
JavaScript error: resource://gre/actors/AudioPlaybackParent.jsm, line 20: TypeError: browser is null

###!!! [Child][RunMessage] Error: Channel closing: too late to send/recv, messages will be lost

1619687456324	geckodriver	INFO	Listening on 127.0.0.1:55114
1619687459377	mozrunner::runner	INFO	Running command: "C:\\Program Files\\Mozilla Firefox\\firefox.exe" "--marionette" "-foreground" "-no-remote" "-profile" "C:\\Users\\rishi\\AppData\\Local\\Temp\\rust_mozprofileL5LBP3"
1619687459831	Marionette	INFO	Marionette enabled
console.warn: SearchSettings: "get: No settings file exists, new profile?" (new Error("", "(unknown module)"))
1619687462027	Marionette	INFO	Listening on port 55122
1619687462059	Marionette	WARN	TLS certificate errors will be ignored for this session
1619687468892	Marionette	WARN	TimedPromise timed out after 5000 ms: stacktrace:
TimedPromise/<@chrome://marionette/content/sync.js:237:19
TimedPromise@chrome://marionette/content/sync.js:222:10
GeckoDriver.prototype.minimizeWindow@chrome://marionette/content/driver.js:2500:11
1619687488914	Marionette	INFO	Stopped listening on port 55122

###!!! [Child][RunMessage] Error: Channel closing: too late to send/recv, messages will be lost

1619687489749	geckodriver	INFO	Listening on 127.0.0.1:55188
1619687492815	mozrunner::runner	INFO	Running command: "C:\\Program Files\\Mozilla Firefox\\firefox.exe" "--marionette" "-foreground" "-no-remote" "-profile" "C:\\Users\\rishi\\AppData\\Local\\Temp\\rust_mozprofile3Vztu3"
1619687493420	Marionette	INFO	Marionette enabled
console.warn: SearchSettings: "get: No settings file exists, new profile?" (new Error("", "(unknown module)"))
1619687495885	Marionette	INFO	Listening on port 55196
1619687495996	Marionette	WARN	TLS certificate errors will be ignored for this session
1619687502804	Marionette	WARN	TimedPromise timed out after 5000 ms: stacktrace:
TimedPromise/<@chrome://marionette/content/sync.js:237:19
TimedPromise@chrome://marionette/content/sync.js:222:10
GeckoDriver.prototype.minimizeWindow@chrome://marionette/content/driver.js:2500:11
1619687522125	Marionette	INFO	Stopped listening on port 55196

###!!! [Child][RunMessage] Error: Channel closing: too late to send/recv, messages will be lost

1619687523034	geckodriver	INFO	Listening on 127.0.0.1:55253
1619687526078	mozrunner::runner	INFO	Running command: "C:\\Program Files\\Mozilla Firefox\\firefox.exe" "--marionette" "-foreground" "-no-remote" "-profile" "C:\\Users\\rishi\\AppData\\Local\\Temp\\rust_mozprofile4AOLgx"
1619687526445	Marionette	INFO	Marionette enabled
console.warn: SearchSettings: "get: No settings file exists, new profile?" (new Error("", "(unknown module)"))
1619687528704	Marionette	INFO	Listening on port 55261
1619687528756	Marionette	WARN	TLS certificate errors will be ignored for this session
1619687535628	Marionette	WARN	TimedPromise timed out after 5000 ms: stacktrace:
TimedPromise/<@chrome://marionette/content/sync.js:237:19
TimedPromise@chrome://marionette/content/sync.js:222:10
GeckoDriver.prototype.minimizeWindow@chrome://marionette/content/driver.js:2500:11
1619687559304	Marionette	INFO	Stopped listening on port 55261

###!!! [Child][RunMessage] Error: Channel closing: too late to send/recv, messages will be lost

